/home/pi/Parcel/node_modules/electron/dist/resources/electron.asar/renderer/security-warnings.js:188 Electron Security Warning (Insecure Content-Security-Policy) This renderer process has either no Content Security Policy set or a policy with "unsafe-eval" enabled. This exposes users of this app to unnecessary security risks.

For more information and help, consult https://electronjs.org/docs/tutorial/security.
This warning will not show up once the app is packaged.
warnAboutInsecureCSP @ /home/pi/Parcel/node_modules/electron/dist/resources/electron.asar/renderer/security-warnings.js:188
app.js:18 Solenoid release Time: 1538573850678
app.js:23 Run name: wedge
app.js:18 Solenoid release Time: 1538573864182
app.js:23 Run name: wedge
app.js:73 (8) [1538573864395, 1538573864519, 1538573865294, 1538573865322, 1538573865533, 1538573865559, 1538573866585, 1538573866614]
app.js:77 0
app.js:77 124
app.js:77 899
app.js:77 927
app.js:77 1138
app.js:77 1164
app.js:77 2190
app.js:77 2219
app.js:18 Solenoid release Time: 1538574715738
app.js:23 Run name: back trap
app.js:73 (8) [1538574715967, 1538574716097, 1538574716873, 1538574716902, 1538574717112, 1538574717139, 1538574718171, 1538574718201]
app.js:77 0
app.js:77 130
app.js:77 906
app.js:77 935
app.js:77 1145
app.js:77 1172
app.js:77 2204
app.js:77 2234
app.js:18 Solenoid release Time: 1538574775810
app.js:23 Run name: full wedge
app.js:73 (8) [1538574776036, 1538574776163, 1538574776929, 1538574777164, 1538574777190, 1538574778197, 1538574778226, 1538574797576]
app.js:77 0
app.js:77 127
app.js:77 893
app.js:77 1128
app.js:77 1154
app.js:77 2161
app.js:77 2190
app.js:77 21540
app.js:73 (9) [1538574776036, 1538574776163, 1538574776929, 1538574777164, 1538574777190, 1538574778197, 1538574778226, 1538574797576, 1538574797605]
app.js:77 0
app.js:77 127
app.js:77 893
app.js:77 1128
app.js:77 1154
app.js:77 2161
app.js:77 2190
app.js:77 21540
app.js:77 21569
app.js:73 (10) [1538574776036, 1538574776163, 1538574776929, 1538574777164, 1538574777190, 1538574778197, 1538574778226, 1538574797576, 1538574797605, 1538574798482]
app.js:77 0
app.js:77 127
app.js:77 893
app.js:77 1128
app.js:77 1154
app.js:77 2161
app.js:77 2190
app.js:77 21540
app.js:77 21569
app.js:77 22446
app.js:73 (11) [1538574776036, 1538574776163, 1538574776929, 1538574777164, 1538574777190, 1538574778197, 1538574778226, 1538574797576, 1538574797605, 1538574798482, 1538574798512]
app.js:77 0
app.js:77 127
app.js:77 893
app.js:77 1128
app.js:77 1154
app.js:77 2161
app.js:77 2190
app.js:77 21540
app.js:77 21569
app.js:77 22446
app.js:77 22476
app.js:18 Solenoid release Time: 1538574817217
app.js:23 Run name: full wedge
app.js:73 (8) [1538574817441, 1538574817567, 1538574818332, 1538574818360, 1538574818566, 1538574818593, 1538574819598, 1538574819626]
app.js:77 0
app.js:77 126
app.js:77 891
app.js:77 919
app.js:77 1125
app.js:77 1152
app.js:77 2157
app.js:77 2185
app.js:18 Solenoid release Time: 1538575147881
app.js:23 Run name: pink wt front
app.js:18 Solenoid release Time: 1538575190521
app.js:23 Run name: pink wt front
app.js:18 Solenoid release Time: 1538575262016
app.js:23 Run name: pink wt front
app.js:73 (8) [1538575262238, 1538575263117, 1538575263348, 1538575264361, 1538575289378, 1538575320912, 1538575320946, 1538575321484]
app.js:77 0
app.js:77 879
app.js:77 1110
app.js:77 2123
app.js:77 27140
app.js:77 58674
app.js:77 58708
app.js:77 59246
app.js:73 (9) [1538575262238, 1538575263117, 1538575263348, 1538575264361, 1538575289378, 1538575320912, 1538575320946, 1538575321484, 1538575321531]
app.js:77 0
app.js:77 879
app.js:77 1110
app.js:77 2123
app.js:77 27140
app.js:77 58674
app.js:77 58708
app.js:77 59246
app.js:77 59293
app.js:73 (10) [1538575262238, 1538575263117, 1538575263348, 1538575264361, 1538575289378, 1538575320912, 1538575320946, 1538575321484, 1538575321531, 1538575321550]
app.js:77 0
app.js:77 879
app.js:77 1110
app.js:77 2123
app.js:77 27140
app.js:77 58674
app.js:77 58708
app.js:77 59246
app.js:77 59293
app.js:77 59312
app.js:73 (11) [1538575262238, 1538575263117, 1538575263348, 1538575264361, 1538575289378, 1538575320912, 1538575320946, 1538575321484, 1538575321531, 1538575321550, 1538575321974]
app.js:77 0
app.js:77 879
app.js:77 1110
app.js:77 2123
app.js:77 27140
app.js:77 58674
app.js:77 58708
app.js:77 59246
app.js:77 59293
app.js:77 59312
app.js:77 59736
app.js:73 (12) [1538575262238, 1538575263117, 1538575263348, 1538575264361, 1538575289378, 1538575320912, 1538575320946, 1538575321484, 1538575321531, 1538575321550, 1538575321974, 1538575322044]
app.js:77 0
app.js:77 879
app.js:77 1110
app.js:77 2123
app.js:77 27140
app.js:77 58674
app.js:77 58708
app.js:77 59246
app.js:77 59293
app.js:77 59312
app.js:77 59736
app.js:77 59806
app.js:73 (13) [1538575262238, 1538575263117, 1538575263348, 1538575264361, 1538575289378, 1538575320912, 1538575320946, 1538575321484, 1538575321531, 1538575321550, 1538575321974, 1538575322044, 1538575322062]
app.js:77 0
app.js:77 879
app.js:77 1110
app.js:77 2123
app.js:77 27140
app.js:77 58674
app.js:77 58708
app.js:77 59246
app.js:77 59293
app.js:77 59312
app.js:77 59736
app.js:77 59806
app.js:77 59824
app.js:18 Solenoid release Time: 1538575396141
app.js:23 Run name: pink wt front
app.js:18 Solenoid release Time: 1538575425838
app.js:23 Run name: pink wt front
app.js:73 (8) [1538575426066, 1538575426194, 1538575426974, 1538575427003, 1538575427215, 1538575427242, 1538575428279, 1538575428308]
app.js:77 0
app.js:77 128
app.js:77 908
app.js:77 937
app.js:77 1149
app.js:77 1176
app.js:77 2213
app.js:77 2242
app.js:18 Solenoid release Time: 1538577344220
app.js:23 Run name: pink wt front
app.js:18 Solenoid release Time: 1538578884927
app.js:23 Run name: pink wt front
app.js:73 (21) [1538578886064, 1538578886097, 1538578887362, 1538578887398, 1538578932004, 1538579050657, 1538579051172, 1538579051854, 1538579060902, 1538579061399, 1538579061804, 1538579061937, 1538579065605, 1538579065653, 1538579065821, 1538579180734, 1538579182451, 1538579365026, 1538579366658, 1538579366675, 1538579368405]
app.js:77 0
app.js:77 33
app.js:77 1298
app.js:77 1334
app.js:77 45940
app.js:77 164593
app.js:77 165108
app.js:77 165790
app.js:77 174838
app.js:77 175335
app.js:77 175740
app.js:77 175873
app.js:77 179541
app.js:77 179589
app.js:77 179757
app.js:77 294670
app.js:77 296387
app.js:77 478962
app.js:77 480594
app.js:77 480611
app.js:77 482341
app.js:18 Solenoid release Time: 1538580015114
app.js:23 Run name: pink wt front
app.js:73 (8) [1538580015263, 1538580015412, 1538580015881, 1538580015920, 1538580016252, 1538580016285, 1538580017561, 1538580017597]
app.js:77 0
app.js:77 149
app.js:77 618
app.js:77 657
app.js:77 989
app.js:77 1022
app.js:77 2298
app.js:77 2334
app.js:18 Solenoid release Time: 1538580805168
app.js:23 Run name: wedge back
app.js:73 (8) [1538580805319, 1538580805471, 1538580805938, 1538580805976, 1538580806309, 1538580806343, 1538580807617, 1538580807653]
app.js:77 0
app.js:77 152
app.js:77 619
app.js:77 657
app.js:77 990
app.js:77 1024
app.js:77 2298
app.js:77 2334
app.js:18 Solenoid release Time: 1538580832024
app.js:23 Run name: wedge back
app.js:73 (8) [1538580832177, 1538580832328, 1538580832799, 1538580832839, 1538580833174, 1538580833208, 1538580834508, 1538580834545]
app.js:77 0
app.js:77 151
app.js:77 622
app.js:77 662
app.js:77 997
app.js:77 1031
app.js:77 2331
app.js:77 2368
app.js:18 Solenoid release Time: 1538580855271
app.js:23 Run name: wedge back
app.js:73 (8) [1538580855424, 1538580855575, 1538580856044, 1538580856083, 1538580856419, 1538580856452, 1538580857733, 1538580857769]
app.js:77 0
app.js:77 151
app.js:77 620
app.js:77 659
app.js:77 995
app.js:77 1028
app.js:77 2309
app.js:77 2345
app.js:18 Solenoid release Time: 1538580915319
app.js:23 Run name: wedge back
app.js:73 (8) [1538580915470, 1538580915620, 1538580916088, 1538580916128, 1538580916462, 1538580916495, 1538580917760, 1538580917795]
app.js:77 0
app.js:77 150
app.js:77 618
app.js:77 658
app.js:77 992
app.js:77 1025
app.js:77 2290
app.js:77 2325
app.js:18 Solenoid release Time: 1538580961749
app.js:23 Run name: wedge back
app.js:73 (8) [1538580961901, 1538580962051, 1538580962520, 1538580962560, 1538580962894, 1538580962928, 1538580964191, 1538580964226]
app.js:77 0
app.js:77 150
app.js:77 619
app.js:77 659
app.js:77 993
app.js:77 1027
app.js:77 2290
app.js:77 2325
app.js:18 Solenoid release Time: 1538580978663
app.js:23 Run name: wedge back
app.js:73 (8) [1538580978815, 1538580978967, 1538580979436, 1538580979476, 1538580979812, 1538580979846, 1538580981132, 1538580981169]
app.js:77 0
app.js:77 152
app.js:77 621
app.js:77 661
app.js:77 997
app.js:77 1031
app.js:77 2317
app.js:77 2354
app.js:18 Solenoid release Time: 1538580997221
app.js:23 Run name: wedge back
app.js:73 (8) [1538580997372, 1538580997523, 1538580997991, 1538580998031, 1538580998365, 1538580998399, 1538580999656, 1538580999692]
app.js:77 0
app.js:77 151
app.js:77 619
app.js:77 659
app.js:77 993
app.js:77 1027
app.js:77 2284
app.js:77 2320
app.js:18 Solenoid release Time: 1538581035183
app.js:23 Run name: backward trap
app.js:73 (8) [1538581035336, 1538581035486, 1538581035956, 1538581035996, 1538581036334, 1538581036368, 1538581037657, 1538581037693]
app.js:77 0
app.js:77 150
app.js:77 620
app.js:77 660
app.js:77 998
app.js:77 1032
app.js:77 2321
app.js:77 2357
app.js:18 Solenoid release Time: 1538581052639
app.js:23 Run name: backward trap
app.js:73 (8) [1538581052793, 1538581052944, 1538581053414, 1538581053454, 1538581053790, 1538581053823, 1538581055129, 1538581055167]
app.js:77 0
app.js:77 151
app.js:77 621
app.js:77 661
app.js:77 997
app.js:77 1030
app.js:77 2336
app.js:77 2374
app.js:18 Solenoid release Time: 1538581068878
app.js:23 Run name: backward trap
app.js:73 (8) [1538581069033, 1538581069184, 1538581069655, 1538581069695, 1538581070033, 1538581070066, 1538581071356, 1538581071393]
app.js:77 0
app.js:77 151
app.js:77 622
app.js:77 662
app.js:77 1000
app.js:77 1033
app.js:77 2323
app.js:77 2360
app.js:18 Solenoid release Time: 1538581083278
app.js:23 Run name: backward trap
app.js:73 (8) [1538581083430, 1538581083581, 1538581084053, 1538581084094, 1538581084432, 1538581084466, 1538581085807, 1538581085847]
app.js:77 0
app.js:77 151
app.js:77 623
app.js:77 664
app.js:77 1002
app.js:77 1036
app.js:77 2377
app.js:77 2417
app.js:18 Solenoid release Time: 1538581098541
app.js:23 Run name: backward trap
app.js:73 (8) [1538581098695, 1538581098846, 1538581099318, 1538581099359, 1538581099698, 1538581099732, 1538581101029, 1538581101066]
app.js:77 0
app.js:77 151
app.js:77 623
app.js:77 664
app.js:77 1003
app.js:77 1037
app.js:77 2334
app.js:77 2371
app.js:18 Solenoid release Time: 1538581112989
app.js:23 Run name: backward trap
app.js:73 (8) [1538581113143, 1538581113296, 1538581113770, 1538581113810, 1538581114151, 1538581114184, 1538581115499, 1538581115537]
app.js:77 0
app.js:77 153
app.js:77 627
app.js:77 667
app.js:77 1008
app.js:77 1041
app.js:77 2356
app.js:77 2394
